<?xml version="1.0" encoding="UTF-8"?>
<!-- Generated by org.testng.reporters.JUnitReportReporter -->
<testsuite hostname="DESKTOP-GSIQ13O" failures="0" tests="1" name="com.qpros.WeatherTest" time="12.700" errors="0" timestamp="2023-12-08T19:46:20 EET" skipped="0">
  <testcase classname="com.qpros.WeatherTest" name="weatherTest" time="12.700"/>
</testsuite> <!-- com.qpros.WeatherTest -->
